<?xml version="1.0" encoding="UTF-8"?>
<!-- Generated by org.testng.reporters.JUnitReportReporter -->
<testsuite hostname="USABOS158636L" failures="0" tests="1" name="com.learnSelenium.Integration.FirstSelenium" time="0.016" errors="0" timestamp="03 May 2018 06:38:02 GMT" skipped="0">
  <testcase classname="com.learnSelenium.Integration.FirstSelenium" name="printHello" time="0.016"/>
</testsuite> <!-- com.learnSelenium.Integration.FirstSelenium -->
